This is pdfTeX, Version 3.14159265-2.6-1.40.21 (MiKTeX 21.1) (preloaded format=pdflatex 2021.2.8)  10 OCT 2021 16:11
entering extended mode
**"./Hexapod Kinematics Calculation.tex"
("Hexapod Kinematics Calculation.tex"
LaTeX2e <2020-10-01> patch level 4
L3 programming layer <2021-01-09> xparse <2020-03-03>
(C:\Users\nblch\AppData\Local\Programs\MiKTeX\tex/latex/base\article.cls
Document Class: article 2020/04/10 v1.4m Standard LaTeX document class
(C:\Users\nblch\AppData\Local\Programs\MiKTeX\tex/latex/base\size12.clo
File: size12.clo 2020/04/10 v1.4m Standard LaTeX file (size option)
)
\c@part=\count177
\c@section=\count178
\c@subsection=\count179
\c@subsubsection=\count180
\c@paragraph=\count181
\c@subparagraph=\count182
\c@figure=\count183
\c@table=\count184
\abovecaptionskip=\skip47
\belowcaptionskip=\skip48
\bibindent=\dimen138
)
(C:\Users\nblch\AppData\Local\Programs\MiKTeX\tex/latex/base\inputenc.sty
Package: inputenc 2020/08/01 v1.3d Input encoding file
\inpenc@prehook=\toks15
\inpenc@posthook=\toks16
)
(C:\Users\nblch\AppData\Local\Programs\MiKTeX\tex/latex/graphics\graphicx.sty
Package: graphicx 2020/09/09 v1.2b Enhanced LaTeX Graphics (DPC,SPQR)

(C:\Users\nblch\AppData\Local\Programs\MiKTeX\tex/latex/graphics\keyval.sty
Package: keyval 2014/10/28 v1.15 key=value parser (DPC)
\KV@toks@=\toks17
)
(C:\Users\nblch\AppData\Local\Programs\MiKTeX\tex/latex/graphics\graphics.sty
Package: graphics 2020/08/30 v1.4c Standard LaTeX Graphics (DPC,SPQR)

(C:\Users\nblch\AppData\Local\Programs\MiKTeX\tex/latex/graphics\trig.sty
Package: trig 2016/01/03 v1.10 sin cos tan (DPC)
)
(C:\Users\nblch\AppData\Local\Programs\MiKTeX\tex/latex/graphics-cfg\graphics.c
fg
File: graphics.cfg 2016/06/04 v1.11 sample graphics configuration
)
Package graphics Info: Driver file: pdftex.def on input line 105.

(C:\Users\nblch\AppData\Local\Programs\MiKTeX\tex/latex/graphics-def\pdftex.def
File: pdftex.def 2020/10/05 v1.2a Graphics/color driver for pdftex
))
\Gin@req@height=\dimen139
\Gin@req@width=\dimen140
) (C:\Users\nblch\AppData\Local\Programs\MiKTeX\tex/latex/parskip\parskip.sty
Package: parskip 2020-06-15 v2.0f non-zero parskip adjustments

(C:\Users\nblch\AppData\Local\Programs\MiKTeX\tex/latex/kvoptions\kvoptions.sty
Package: kvoptions 2020-10-07 v3.14 Key value format for package options (HO)
(C:\Users\nblch\AppData\Local\Programs\MiKTeX\tex/generic/ltxcmds\ltxcmds.sty
Package: ltxcmds 2020-05-10 v1.25 LaTeX kernel commands for general use (HO)
)
(C:\Users\nblch\AppData\Local\Programs\MiKTeX\tex/generic/kvsetkeys\kvsetkeys.s
ty
Package: kvsetkeys 2019/12/15 v1.18 Key value parser (HO)
))
(C:\Users\nblch\AppData\Local\Programs\MiKTeX\tex/latex/etoolbox\etoolbox.sty
Package: etoolbox 2020/10/05 v2.5k e-TeX tools for LaTeX (JAW)
\etb@tempcnta=\count185
)) (C:\Users\nblch\AppData\Local\Programs\MiKTeX\tex/latex/amsmath\amsmath.sty
Package: amsmath 2020/09/23 v2.17i AMS math features
\@mathmargin=\skip49

For additional information on amsmath, use the `?' option.
(C:\Users\nblch\AppData\Local\Programs\MiKTeX\tex/latex/amsmath\amstext.sty
Package: amstext 2000/06/29 v2.01 AMS text

(C:\Users\nblch\AppData\Local\Programs\MiKTeX\tex/latex/amsmath\amsgen.sty
File: amsgen.sty 1999/11/30 v2.0 generic functions
\@emptytoks=\toks18
\ex@=\dimen141
))
(C:\Users\nblch\AppData\Local\Programs\MiKTeX\tex/latex/amsmath\amsbsy.sty
Package: amsbsy 1999/11/29 v1.2d Bold Symbols
\pmbraise@=\dimen142
)
(C:\Users\nblch\AppData\Local\Programs\MiKTeX\tex/latex/amsmath\amsopn.sty
Package: amsopn 2016/03/08 v2.02 operator names
)
\inf@bad=\count186
LaTeX Info: Redefining \frac on input line 234.
\uproot@=\count187
\leftroot@=\count188
LaTeX Info: Redefining \overline on input line 399.
\classnum@=\count189
\DOTSCASE@=\count190
LaTeX Info: Redefining \ldots on input line 496.
LaTeX Info: Redefining \dots on input line 499.
LaTeX Info: Redefining \cdots on input line 620.
\Mathstrutbox@=\box47
\strutbox@=\box48
\big@size=\dimen143
LaTeX Font Info:    Redeclaring font encoding OML on input line 743.
LaTeX Font Info:    Redeclaring font encoding OMS on input line 744.
\macc@depth=\count191
\c@MaxMatrixCols=\count192
\dotsspace@=\muskip16
\c@parentequation=\count193
\dspbrk@lvl=\count194
\tag@help=\toks19
\row@=\count195
\column@=\count196
\maxfields@=\count197
\andhelp@=\toks20
\eqnshift@=\dimen144
\alignsep@=\dimen145
\tagshift@=\dimen146
\tagwidth@=\dimen147
\totwidth@=\dimen148
\lineht@=\dimen149
\@envbody=\toks21
\multlinegap=\skip50
\multlinetaggap=\skip51
\mathdisplay@stack=\toks22
LaTeX Info: Redefining \[ on input line 2923.
LaTeX Info: Redefining \] on input line 2924.
)
(C:\Users\nblch\AppData\Local\Programs\MiKTeX\tex/latex/amsfonts\amssymb.sty
Package: amssymb 2013/01/14 v3.01 AMS font symbols

(C:\Users\nblch\AppData\Local\Programs\MiKTeX\tex/latex/amsfonts\amsfonts.sty
Package: amsfonts 2013/01/14 v3.01 Basic AMSFonts support
\symAMSa=\mathgroup4
\symAMSb=\mathgroup5
LaTeX Font Info:    Redeclaring math symbol \hbar on input line 98.
LaTeX Font Info:    Overwriting math alphabet `\mathfrak' in version `bold'
(Font)                  U/euf/m/n --> U/euf/b/n on input line 106.
)) (C:\Users\nblch\AppData\Local\Programs\MiKTeX\tex/latex/placeins\placeins.st
y
Package: placeins 2005/04/18  v 2.2
) (C:\Users\nblch\AppData\Local\Programs\MiKTeX\tex/latex/import\import.sty
Package: import 2020/04/01  v 6.2
)
(C:\Users\nblch\AppData\Local\Programs\MiKTeX\tex/latex/xifthen\xifthen.sty
Package: xifthen 2015/11/05 v1.4.0 Extended ifthen features

(C:\Users\nblch\AppData\Local\Programs\MiKTeX\tex/latex/latex-tools\calc.sty
Package: calc 2017/05/25 v4.3 Infix arithmetic (KKT,FJ)
\calc@Acount=\count198
\calc@Bcount=\count199
\calc@Adimen=\dimen150
\calc@Bdimen=\dimen151
\calc@Askip=\skip52
\calc@Bskip=\skip53
LaTeX Info: Redefining \setlength on input line 80.
LaTeX Info: Redefining \addtolength on input line 81.
\calc@Ccount=\count266
\calc@Cskip=\skip54
)
(C:\Users\nblch\AppData\Local\Programs\MiKTeX\tex/latex/base\ifthen.sty
Package: ifthen 2014/09/29 v1.1c Standard LaTeX ifthen package (DPC)
)
(C:\Users\nblch\AppData\Local\Programs\MiKTeX\tex/latex/ifmtarg\ifmtarg.sty
Package: ifmtarg 2018/04/16 v1.2b check for an empty argument
))
(C:\Users\nblch\AppData\Local\Programs\MiKTeX\tex/latex/pdfpages\pdfpages.sty
Package: pdfpages 2021/01/09 v0.5r Insert pages of external PDF documents (AM)

(C:\Users\nblch\AppData\Local\Programs\MiKTeX\tex/latex/eso-pic\eso-pic.sty
Package: eso-pic 2020/10/14 v3.0a eso-pic (RN)
\ESO@tempdima=\dimen152
\ESO@tempdimb=\dimen153

(C:\Users\nblch\AppData\Local\Programs\MiKTeX\tex/latex/xcolor\xcolor.sty
Package: xcolor 2016/05/11 v2.12 LaTeX color extensions (UK)

(C:\Users\nblch\AppData\Local\Programs\MiKTeX\tex/latex/graphics-cfg\color.cfg
File: color.cfg 2016/01/02 v1.6 sample color configuration
)
Package xcolor Info: Driver file: pdftex.def on input line 225.
Package xcolor Info: Model `cmy' substituted by `cmy0' on input line 1348.
Package xcolor Info: Model `hsb' substituted by `rgb' on input line 1352.
Package xcolor Info: Model `RGB' extended on input line 1364.
Package xcolor Info: Model `HTML' substituted by `rgb' on input line 1366.
Package xcolor Info: Model `Hsb' substituted by `hsb' on input line 1367.
Package xcolor Info: Model `tHsb' substituted by `hsb' on input line 1368.
Package xcolor Info: Model `HSB' substituted by `hsb' on input line 1369.
Package xcolor Info: Model `Gray' substituted by `gray' on input line 1370.
Package xcolor Info: Model `wave' substituted by `hsb' on input line 1371.
))
\AM@pagewidth=\dimen154
\AM@pageheight=\dimen155

(C:\Users\nblch\AppData\Local\Programs\MiKTeX\tex/latex/pdfpages\pppdftex.def
File: pppdftex.def 2021/01/09 v0.5r Pdfpages driver for pdfTeX (AM)
)
\pdfpages@includegraphics@status=\count267
\AM@pagebox=\box49
\AM@global@opts=\toks23
\AM@pagecnt=\count268
\AM@toc@title=\toks24
\c@AM@survey=\count269
\AM@templatesizebox=\box50
)
(C:\Users\nblch\AppData\Local\Programs\MiKTeX\tex/latex/transparent\transparent
.sty
Package: transparent 2019/11/29 v1.4 Transparency via pdfTeX's color stack (HO)

 (C:\Users\nblch\AppData\Local\Programs\MiKTeX\tex/generic/iftex\iftex.sty
Package: iftex 2020/03/06 v1.0d TeX engine tests
) (C:\Users\nblch\AppData\Local\Programs\MiKTeX\tex/latex/auxhook\auxhook.sty
Package: auxhook 2019-12-17 v1.6 Hooks for auxiliary files (HO)
))
(C:\Users\nblch\AppData\Local\Programs\MiKTeX\tex/latex/was\gensymb.sty
Package: gensymb 2003/07/02 v1.0 (WaS)
)
(C:\Users\nblch\AppData\Local\Programs\MiKTeX\tex/latex/l3backend\l3backend-pdf
tex.def
File: l3backend-pdftex.def 2020-01-29 L3 backend support: PDF output (pdfTeX)
\l__color_backend_stack_int=\count270
\l__pdf_internal_box=\box51
) ("Hexapod Kinematics Calculation.aux")
\openout1 = `"Hexapod Kinematics Calculation.aux"'.

LaTeX Font Info:    Checking defaults for OML/cmm/m/it on input line 26.
LaTeX Font Info:    ... okay on input line 26.
LaTeX Font Info:    Checking defaults for OMS/cmsy/m/n on input line 26.
LaTeX Font Info:    ... okay on input line 26.
LaTeX Font Info:    Checking defaults for OT1/cmr/m/n on input line 26.
LaTeX Font Info:    ... okay on input line 26.
LaTeX Font Info:    Checking defaults for T1/cmr/m/n on input line 26.
LaTeX Font Info:    ... okay on input line 26.
LaTeX Font Info:    Checking defaults for TS1/cmr/m/n on input line 26.
LaTeX Font Info:    ... okay on input line 26.
LaTeX Font Info:    Checking defaults for OMX/cmex/m/n on input line 26.
LaTeX Font Info:    ... okay on input line 26.
LaTeX Font Info:    Checking defaults for U/cmr/m/n on input line 26.
LaTeX Font Info:    ... okay on input line 26.

(C:\Users\nblch\AppData\Local\Programs\MiKTeX\tex/context/base/mkii\supp-pdf.mk
ii
[Loading MPS to PDF converter (version 2006.09.02).]
\scratchcounter=\count271
\scratchdimen=\dimen156
\scratchbox=\box52
\nofMPsegments=\count272
\nofMParguments=\count273
\everyMPshowfont=\toks25
\MPscratchCnt=\count274
\MPscratchDim=\dimen157
\MPnumerator=\count275
\makeMPintoPDFobject=\count276
\everyMPtoPDFconversion=\toks26
)
(C:\Users\nblch\AppData\Local\Programs\MiKTeX\tex/latex/epstopdf-pkg\epstopdf-b
ase.sty
Package: epstopdf-base 2020-01-24 v2.11 Base part for package epstopdf
Package epstopdf-base Info: Redefining graphics rule for `.eps' on input line 4
85.
)
(C:\Users\nblch\AppData\Local\Programs\MiKTeX\tex/latex/pdflscape\pdflscape.sty
Package: pdflscape 2019/12/05 v0.12 Display of landscape pages in PDF (HO)
(C:\Users\nblch\AppData\Local\Programs\MiKTeX\tex/latex/graphics\lscape.sty
Package: lscape 2020/05/28 v3.02 Landscape Pages (DPC)
)
Package pdflscape Info: Auto-detected driver: pdftex on input line 81.
)
LaTeX Info: Redefining \celsius on input line 26.
Package gensymb Info: Faking symbols for \degree and \celsius on input line 26.



Package gensymb Warning: Not defining \perthousand.

LaTeX Info: Redefining \ohm on input line 26.
Package gensymb Info: Using \Omega for \ohm on input line 26.

Package gensymb Warning: Not defining \micro.

LaTeX Font Info:    Trying to load font information for U+msa on input line 27.

(C:\Users\nblch\AppData\Local\Programs\MiKTeX\tex/latex/amsfonts\umsa.fd
File: umsa.fd 2013/01/14 v3.01 AMS symbols A
)
LaTeX Font Info:    Trying to load font information for U+msb on input line 27.


(C:\Users\nblch\AppData\Local\Programs\MiKTeX\tex/latex/amsfonts\umsb.fd
File: umsb.fd 2013/01/14 v3.01 AMS symbols B
)
[1

{C:/Users/nblch/AppData/Local/MiKTeX/pdftex/config/pdftex.map}]
("../media/../media/Leg Top.pdf_tex"
<../media/../media//Leg Top.pdf, id=7, page=1, 459.5265pt x 288.502pt>
File: ../media/../media//Leg Top.pdf Graphic file (type pdf)
<use ../media/../media//Leg Top.pdf, page 1>
Package pdftex.def Info: ../media/../media//Leg Top.pdf , page1 used on input l
ine 56.
(pdftex.def)             Requested size: 390.0pt x 244.86247pt.
<../media/../media//Leg Top.pdf, id=8, page=2, 459.5265pt x 288.502pt>
File: ../media/../media//Leg Top.pdf Graphic file (type pdf)
<use ../media/../media//Leg Top.pdf, page 2>
Package pdftex.def Info: ../media/../media//Leg Top.pdf , page2 used on input l
ine 58.
(pdftex.def)             Requested size: 390.0pt x 244.86247pt.
<../media/../media//Leg Top.pdf, id=9, page=3, 459.5265pt x 288.502pt>
File: ../media/../media//Leg Top.pdf Graphic file (type pdf)
<use ../media/../media//Leg Top.pdf, page 3>
Package pdftex.def Info: ../media/../media//Leg Top.pdf , page3 used on input l
ine 60.
(pdftex.def)             Requested size: 390.0pt x 244.86247pt.
<../media/../media//Leg Top.pdf, id=10, page=4, 459.5265pt x 288.502pt>
File: ../media/../media//Leg Top.pdf Graphic file (type pdf)
<use ../media/../media//Leg Top.pdf, page 4>
Package pdftex.def Info: ../media/../media//Leg Top.pdf , page4 used on input l
ine 64.
(pdftex.def)             Requested size: 390.0pt x 244.86247pt.
<../media/../media//Leg Top.pdf, id=11, page=5, 459.5265pt x 288.502pt>
File: ../media/../media//Leg Top.pdf Graphic file (type pdf)
<use ../media/../media//Leg Top.pdf, page 5>
Package pdftex.def Info: ../media/../media//Leg Top.pdf , page5 used on input l
ine 66.
(pdftex.def)             Requested size: 390.0pt x 244.86247pt.
) [2 <../media/../media//Leg Top.pdf> <../media/../media//Leg Top.pdf

pdfTeX warning: pdflatex (file ../media/../media//Leg Top.pdf): PDF inclusion: 
multiple pdfs with page group included in a single page
> <../media/../media//Leg Top.pdf

pdfTeX warning: pdflatex (file ../media/../media//Leg Top.pdf): PDF inclusion: 
multiple pdfs with page group included in a single page
> <../media/../media//Leg Top.pdf

pdfTeX warning: pdflatex (file ../media/../media//Leg Top.pdf): PDF inclusion: 
multiple pdfs with page group included in a single page
> <../media/../media//Leg Top.pdf

pdfTeX warning: pdflatex (file ../media/../media//Leg Top.pdf): PDF inclusion: 
multiple pdfs with page group included in a single page
>] ("../media/../media/Leg Side.pdf_tex"
<../media/../media//Leg Side.pdf, id=24, page=1, 491.2454pt x 298.7104pt>
File: ../media/../media//Leg Side.pdf Graphic file (type pdf)
<use ../media/../media//Leg Side.pdf, page 1>
Package pdftex.def Info: ../media/../media//Leg Side.pdf , page1 used on input 
line 56.
(pdftex.def)             Requested size: 390.0pt x 237.15457pt.
<../media/../media//Leg Side.pdf, id=25, page=2, 491.2454pt x 298.7104pt>
File: ../media/../media//Leg Side.pdf Graphic file (type pdf)
<use ../media/../media//Leg Side.pdf, page 2>
Package pdftex.def Info: ../media/../media//Leg Side.pdf , page2 used on input 
line 60.
(pdftex.def)             Requested size: 390.0pt x 237.15457pt.
<../media/../media//Leg Side.pdf, id=26, page=3, 491.2454pt x 298.7104pt>
File: ../media/../media//Leg Side.pdf Graphic file (type pdf)
<use ../media/../media//Leg Side.pdf, page 3>
Package pdftex.def Info: ../media/../media//Leg Side.pdf , page3 used on input 
line 62.
(pdftex.def)             Requested size: 390.0pt x 237.15457pt.
<../media/../media//Leg Side.pdf, id=27, page=4, 491.2454pt x 298.7104pt>
File: ../media/../media//Leg Side.pdf Graphic file (type pdf)
<use ../media/../media//Leg Side.pdf, page 4>
Package pdftex.def Info: ../media/../media//Leg Side.pdf , page4 used on input 
line 67.
(pdftex.def)             Requested size: 390.0pt x 237.15457pt.
<../media/../media//Leg Side.pdf, id=28, page=5, 491.2454pt x 298.7104pt>
File: ../media/../media//Leg Side.pdf Graphic file (type pdf)
<use ../media/../media//Leg Side.pdf, page 5>
Package pdftex.def Info: ../media/../media//Leg Side.pdf , page5 used on input 
line 69.
(pdftex.def)             Requested size: 390.0pt x 237.15457pt.
<../media/../media//Leg Side.pdf, id=29, page=6, 491.2454pt x 298.7104pt>
File: ../media/../media//Leg Side.pdf Graphic file (type pdf)
<use ../media/../media//Leg Side.pdf, page 6>
Package pdftex.def Info: ../media/../media//Leg Side.pdf , page6 used on input 
line 71.
(pdftex.def)             Requested size: 390.0pt x 237.15457pt.
<../media/../media//Leg Side.pdf, id=30, page=7, 491.2454pt x 298.7104pt>
File: ../media/../media//Leg Side.pdf Graphic file (type pdf)
<use ../media/../media//Leg Side.pdf, page 7>
Package pdftex.def Info: ../media/../media//Leg Side.pdf , page7 used on input 
line 73.
(pdftex.def)             Requested size: 390.0pt x 237.15457pt.
<../media/../media//Leg Side.pdf, id=31, page=8, 491.2454pt x 298.7104pt>
File: ../media/../media//Leg Side.pdf Graphic file (type pdf)
<use ../media/../media//Leg Side.pdf, page 8>
Package pdftex.def Info: ../media/../media//Leg Side.pdf , page8 used on input 
line 75.
(pdftex.def)             Requested size: 390.0pt x 237.15457pt.
<../media/../media//Leg Side.pdf, id=32, page=9, 491.2454pt x 298.7104pt>
File: ../media/../media//Leg Side.pdf Graphic file (type pdf)
<use ../media/../media//Leg Side.pdf, page 9>
Package pdftex.def Info: ../media/../media//Leg Side.pdf , page9 used on input 
line 78.
(pdftex.def)             Requested size: 390.0pt x 237.15457pt.
) [3 <../media/../media//Leg Side.pdf> <../media/../media//Leg Side.pdf

pdfTeX warning: pdflatex (file ../media/../media//Leg Side.pdf): PDF inclusion:
 multiple pdfs with page group included in a single page
> <../media/../media//Leg Side.pdf

pdfTeX warning: pdflatex (file ../media/../media//Leg Side.pdf): PDF inclusion:
 multiple pdfs with page group included in a single page
> <../media/../media//Leg Side.pdf

pdfTeX warning: pdflatex (file ../media/../media//Leg Side.pdf): PDF inclusion:
 multiple pdfs with page group included in a single page
> <../media/../media//Leg Side.pdf

pdfTeX warning: pdflatex (file ../media/../media//Leg Side.pdf): PDF inclusion:
 multiple pdfs with page group included in a single page
> <../media/../media//Leg Side.pdf

pdfTeX warning: pdflatex (file ../media/../media//Leg Side.pdf): PDF inclusion:
 multiple pdfs with page group included in a single page
> <../media/../media//Leg Side.pdf

pdfTeX warning: pdflatex (file ../media/../media//Leg Side.pdf): PDF inclusion:
 multiple pdfs with page group included in a single page
> <../media/../media//Leg Side.pdf

pdfTeX warning: pdflatex (file ../media/../media//Leg Side.pdf): PDF inclusion:
 multiple pdfs with page group included in a single page
> <../media/../media//Leg Side.pdf

pdfTeX warning: pdflatex (file ../media/../media//Leg Side.pdf): PDF inclusion:
 multiple pdfs with page group included in a single page
>] [4] ("../media/../media/Base Hexapod Position.pdf_tex"
<../media/../media//Base Hexapod Position.pdf, id=43, page=1, 1392.49348pt x 10
87.88206pt>
File: ../media/../media//Base Hexapod Position.pdf Graphic file (type pdf)
<use ../media/../media//Base Hexapod Position.pdf, page 1>
Package pdftex.def Info: ../media/../media//Base Hexapod Position.pdf , page1 u
sed on input line 56.
(pdftex.def)             Requested size: 390.0pt x 304.6879pt.
<../media/../media//Base Hexapod Position.pdf, id=44, page=2, 1392.49348pt x 10
87.88206pt>
File: ../media/../media//Base Hexapod Position.pdf Graphic file (type pdf)
<use ../media/../media//Base Hexapod Position.pdf, page 2>
Package pdftex.def Info: ../media/../media//Base Hexapod Position.pdf , page2 u
sed on input line 59.
(pdftex.def)             Requested size: 390.0pt x 304.6879pt.
<../media/../media//Base Hexapod Position.pdf, id=45, page=3, 1392.49348pt x 10
87.88206pt>
File: ../media/../media//Base Hexapod Position.pdf Graphic file (type pdf)
<use ../media/../media//Base Hexapod Position.pdf, page 3>
Package pdftex.def Info: ../media/../media//Base Hexapod Position.pdf , page3 u
sed on input line 62.
(pdftex.def)             Requested size: 390.0pt x 304.6879pt.
<../media/../media//Base Hexapod Position.pdf, id=46, page=4, 1392.49348pt x 10
87.88206pt>
File: ../media/../media//Base Hexapod Position.pdf Graphic file (type pdf)
<use ../media/../media//Base Hexapod Position.pdf, page 4>
Package pdftex.def Info: ../media/../media//Base Hexapod Position.pdf , page4 u
sed on input line 70.
(pdftex.def)             Requested size: 390.0pt x 304.6879pt.
<../media/../media//Base Hexapod Position.pdf, id=47, page=5, 1392.49348pt x 10
87.88206pt>
File: ../media/../media//Base Hexapod Position.pdf Graphic file (type pdf)
<use ../media/../media//Base Hexapod Position.pdf, page 5>
Package pdftex.def Info: ../media/../media//Base Hexapod Position.pdf , page5 u
sed on input line 77.
(pdftex.def)             Requested size: 390.0pt x 304.6879pt.
<../media/../media//Base Hexapod Position.pdf, id=48, page=6, 1392.49348pt x 10
87.88206pt>
File: ../media/../media//Base Hexapod Position.pdf Graphic file (type pdf)
<use ../media/../media//Base Hexapod Position.pdf, page 6>
Package pdftex.def Info: ../media/../media//Base Hexapod Position.pdf , page6 u
sed on input line 81.
(pdftex.def)             Requested size: 390.0pt x 304.6879pt.
) [5 <../media/../media//Base Hexapod Position.pdf> <../media/../media//Base He
xapod Position.pdf

pdfTeX warning: pdflatex (file ../media/../media//Base Hexapod Position.pdf): P
DF inclusion: multiple pdfs with page group included in a single page
> <../media/../media//Base Hexapod Position.pdf

pdfTeX warning: pdflatex (file ../media/../media//Base Hexapod Position.pdf): P
DF inclusion: multiple pdfs with page group included in a single page
> <../media/../media//Base Hexapod Position.pdf

pdfTeX warning: pdflatex (file ../media/../media//Base Hexapod Position.pdf): P
DF inclusion: multiple pdfs with page group included in a single page
> <../media/../media//Base Hexapod Position.pdf

pdfTeX warning: pdflatex (file ../media/../media//Base Hexapod Position.pdf): P
DF inclusion: multiple pdfs with page group included in a single page
> <../media/../media//Base Hexapod Position.pdf

pdfTeX warning: pdflatex (file ../media/../media//Base Hexapod Position.pdf): P
DF inclusion: multiple pdfs with page group included in a single page
>] [6] ("../media/../media/Hexapod Turning.pdf_tex"
<../media/../media//Hexapod Turning.pdf, id=57, page=1, 1392.49348pt x 1087.882
06pt>
File: ../media/../media//Hexapod Turning.pdf Graphic file (type pdf)
<use ../media/../media//Hexapod Turning.pdf, page 1>
Package pdftex.def Info: ../media/../media//Hexapod Turning.pdf , page1 used on
 input line 56.
(pdftex.def)             Requested size: 390.0pt x 304.6879pt.
<../media/../media//Hexapod Turning.pdf, id=58, page=2, 1392.49348pt x 1087.882
06pt>
File: ../media/../media//Hexapod Turning.pdf Graphic file (type pdf)
<use ../media/../media//Hexapod Turning.pdf, page 2>
Package pdftex.def Info: ../media/../media//Hexapod Turning.pdf , page2 used on
 input line 64.
(pdftex.def)             Requested size: 390.0pt x 304.6879pt.
<../media/../media//Hexapod Turning.pdf, id=59, page=3, 1392.49348pt x 1087.882
06pt>
File: ../media/../media//Hexapod Turning.pdf Graphic file (type pdf)
<use ../media/../media//Hexapod Turning.pdf, page 3>
Package pdftex.def Info: ../media/../media//Hexapod Turning.pdf , page3 used on
 input line 71.
(pdftex.def)             Requested size: 390.0pt x 304.6879pt.
<../media/../media//Hexapod Turning.pdf, id=60, page=4, 1392.49348pt x 1087.882
06pt>
File: ../media/../media//Hexapod Turning.pdf Graphic file (type pdf)
<use ../media/../media//Hexapod Turning.pdf, page 4>
Package pdftex.def Info: ../media/../media//Hexapod Turning.pdf , page4 used on
 input line 75.
(pdftex.def)             Requested size: 390.0pt x 304.6879pt.
<../media/../media//Hexapod Turning.pdf, id=61, page=5, 1392.49348pt x 1087.882
06pt>
File: ../media/../media//Hexapod Turning.pdf Graphic file (type pdf)
<use ../media/../media//Hexapod Turning.pdf, page 5>
Package pdftex.def Info: ../media/../media//Hexapod Turning.pdf , page5 used on
 input line 78.
(pdftex.def)             Requested size: 390.0pt x 304.6879pt.
<../media/../media//Hexapod Turning.pdf, id=62, page=6, 1392.49348pt x 1087.882
06pt>
File: ../media/../media//Hexapod Turning.pdf Graphic file (type pdf)
<use ../media/../media//Hexapod Turning.pdf, page 6>
Package pdftex.def Info: ../media/../media//Hexapod Turning.pdf , page6 used on
 input line 80.
(pdftex.def)             Requested size: 390.0pt x 304.6879pt.
)
("../media/../media/Hexapod Turning Zoomed.pdf_tex"
<../media/../media//Hexapod Turning Zoomed.pdf, id=63, page=1, 846.28862pt x 30
1.80252pt>
File: ../media/../media//Hexapod Turning Zoomed.pdf Graphic file (type pdf)
<use ../media/../media//Hexapod Turning Zoomed.pdf, page 1>
Package pdftex.def Info: ../media/../media//Hexapod Turning Zoomed.pdf , page1 
used on input line 56.
(pdftex.def)             Requested size: 390.0pt x 139.07951pt.
<../media/../media//Hexapod Turning Zoomed.pdf, id=64, page=2, 846.28862pt x 30
1.80252pt>
File: ../media/../media//Hexapod Turning Zoomed.pdf Graphic file (type pdf)
<use ../media/../media//Hexapod Turning Zoomed.pdf, page 2>
Package pdftex.def Info: ../media/../media//Hexapod Turning Zoomed.pdf , page2 
used on input line 59.
(pdftex.def)             Requested size: 390.0pt x 139.07951pt.
<../media/../media//Hexapod Turning Zoomed.pdf, id=65, page=3, 846.28862pt x 30
1.80252pt>
File: ../media/../media//Hexapod Turning Zoomed.pdf Graphic file (type pdf)
<use ../media/../media//Hexapod Turning Zoomed.pdf, page 3>
Package pdftex.def Info: ../media/../media//Hexapod Turning Zoomed.pdf , page3 
used on input line 61.
(pdftex.def)             Requested size: 390.0pt x 139.07951pt.
<../media/../media//Hexapod Turning Zoomed.pdf, id=66, page=4, 846.28862pt x 30
1.80252pt>
File: ../media/../media//Hexapod Turning Zoomed.pdf Graphic file (type pdf)
<use ../media/../media//Hexapod Turning Zoomed.pdf, page 4>
Package pdftex.def Info: ../media/../media//Hexapod Turning Zoomed.pdf , page4 
used on input line 65.
(pdftex.def)             Requested size: 390.0pt x 139.07951pt.
<../media/../media//Hexapod Turning Zoomed.pdf, id=67, page=5, 846.28862pt x 30
1.80252pt>
File: ../media/../media//Hexapod Turning Zoomed.pdf Graphic file (type pdf)
<use ../media/../media//Hexapod Turning Zoomed.pdf, page 5>
Package pdftex.def Info: ../media/../media//Hexapod Turning Zoomed.pdf , page5 
used on input line 68.
(pdftex.def)             Requested size: 390.0pt x 139.07951pt.
<../media/../media//Hexapod Turning Zoomed.pdf, id=68, page=6, 846.28862pt x 30
1.80252pt>
File: ../media/../media//Hexapod Turning Zoomed.pdf Graphic file (type pdf)
<use ../media/../media//Hexapod Turning Zoomed.pdf, page 6>
Package pdftex.def Info: ../media/../media//Hexapod Turning Zoomed.pdf , page6 
used on input line 70.
(pdftex.def)             Requested size: 390.0pt x 139.07951pt.
) [7] [8 <../media/../media//Hexapod Turning.pdf> <../media/../media//Hexapod T
urning.pdf

pdfTeX warning: pdflatex (file ../media/../media//Hexapod Turning.pdf): PDF inc
lusion: multiple pdfs with page group included in a single page
> <../media/../media//Hexapod Turning.pdf

pdfTeX warning: pdflatex (file ../media/../media//Hexapod Turning.pdf): PDF inc
lusion: multiple pdfs with page group included in a single page
> <../media/../media//Hexapod Turning.pdf

pdfTeX warning: pdflatex (file ../media/../media//Hexapod Turning.pdf): PDF inc
lusion: multiple pdfs with page group included in a single page
> <../media/../media//Hexapod Turning.pdf

pdfTeX warning: pdflatex (file ../media/../media//Hexapod Turning.pdf): PDF inc
lusion: multiple pdfs with page group included in a single page
> <../media/../media//Hexapod Turning.pdf

pdfTeX warning: pdflatex (file ../media/../media//Hexapod Turning.pdf): PDF inc
lusion: multiple pdfs with page group included in a single page
>] [9 <../media/../media//Hexapod Turning Zoomed.pdf> <../media/../media//Hexap
od Turning Zoomed.pdf

pdfTeX warning: pdflatex (file ../media/../media//Hexapod Turning Zoomed.pdf): 
PDF inclusion: multiple pdfs with page group included in a single page
> <../media/../media//Hexapod Turning Zoomed.pdf

pdfTeX warning: pdflatex (file ../media/../media//Hexapod Turning Zoomed.pdf): 
PDF inclusion: multiple pdfs with page group included in a single page
> <../media/../media//Hexapod Turning Zoomed.pdf

pdfTeX warning: pdflatex (file ../media/../media//Hexapod Turning Zoomed.pdf): 
PDF inclusion: multiple pdfs with page group included in a single page
> <../media/../media//Hexapod Turning Zoomed.pdf

pdfTeX warning: pdflatex (file ../media/../media//Hexapod Turning Zoomed.pdf): 
PDF inclusion: multiple pdfs with page group included in a single page
> <../media/../media//Hexapod Turning Zoomed.pdf

pdfTeX warning: pdflatex (file ../media/../media//Hexapod Turning Zoomed.pdf): 
PDF inclusion: multiple pdfs with page group included in a single page
>] ("../media/../media/Hexapod Forward Step.pdf_tex"
<../media/../media//Hexapod Forward Step.pdf, id=83, page=1, 1398.37508pt x 123
8.44273pt>
File: ../media/../media//Hexapod Forward Step.pdf Graphic file (type pdf)
<use ../media/../media//Hexapod Forward Step.pdf, page 1>
Package pdftex.def Info: ../media/../media//Hexapod Forward Step.pdf , page1 us
ed on input line 56.
(pdftex.def)             Requested size: 390.0pt x 345.40102pt.
<../media/../media//Hexapod Forward Step.pdf, id=84, page=2, 1398.37508pt x 123
8.44273pt>
File: ../media/../media//Hexapod Forward Step.pdf Graphic file (type pdf)
<use ../media/../media//Hexapod Forward Step.pdf, page 2>
Package pdftex.def Info: ../media/../media//Hexapod Forward Step.pdf , page2 us
ed on input line 59.
(pdftex.def)             Requested size: 390.0pt x 345.40102pt.
<../media/../media//Hexapod Forward Step.pdf, id=85, page=3, 1398.37508pt x 123
8.44273pt>
File: ../media/../media//Hexapod Forward Step.pdf Graphic file (type pdf)
<use ../media/../media//Hexapod Forward Step.pdf, page 3>
Package pdftex.def Info: ../media/../media//Hexapod Forward Step.pdf , page3 us
ed on input line 62.
(pdftex.def)             Requested size: 390.0pt x 345.40102pt.
<../media/../media//Hexapod Forward Step.pdf, id=86, page=4, 1398.37508pt x 123
8.44273pt>
File: ../media/../media//Hexapod Forward Step.pdf Graphic file (type pdf)
<use ../media/../media//Hexapod Forward Step.pdf, page 4>
Package pdftex.def Info: ../media/../media//Hexapod Forward Step.pdf , page4 us
ed on input line 70.
(pdftex.def)             Requested size: 390.0pt x 345.40102pt.
<../media/../media//Hexapod Forward Step.pdf, id=87, page=5, 1398.37508pt x 123
8.44273pt>
File: ../media/../media//Hexapod Forward Step.pdf Graphic file (type pdf)
<use ../media/../media//Hexapod Forward Step.pdf, page 5>
Package pdftex.def Info: ../media/../media//Hexapod Forward Step.pdf , page5 us
ed on input line 74.
(pdftex.def)             Requested size: 390.0pt x 345.40102pt.
) [10 <../media/../media//Hexapod Forward Step.pdf> <../media/../media//Hexapod
 Forward Step.pdf

pdfTeX warning: pdflatex (file ../media/../media//Hexapod Forward Step.pdf): PD
F inclusion: multiple pdfs with page group included in a single page
> <../media/../media//Hexapod Forward Step.pdf

pdfTeX warning: pdflatex (file ../media/../media//Hexapod Forward Step.pdf): PD
F inclusion: multiple pdfs with page group included in a single page
> <../media/../media//Hexapod Forward Step.pdf

pdfTeX warning: pdflatex (file ../media/../media//Hexapod Forward Step.pdf): PD
F inclusion: multiple pdfs with page group included in a single page
> <../media/../media//Hexapod Forward Step.pdf

pdfTeX warning: pdflatex (file ../media/../media//Hexapod Forward Step.pdf): PD
F inclusion: multiple pdfs with page group included in a single page
>] ("Hexapod Kinematics Calculation.aux") ) 
Here is how much of TeX's memory you used:
 4732 strings out of 479618
 73511 string characters out of 2865027
 369515 words of memory out of 3000000
 21802 multiletter control sequences out of 15000+200000
 412193 words of font info for 61 fonts, out of 3000000 for 9000
 1141 hyphenation exceptions out of 8191
 68i,21n,75p,614b,433s stack positions out of 5000i,500n,10000p,200000b,50000s
<C:/Users/nblch/AppData/Local/Progra
ms/MiKTeX/fonts/type1/public/amsfonts/cm/cmbx12.pfb><C:/Users/nblch/AppData/Loc
al/Programs/MiKTeX/fonts/type1/public/amsfonts/cm/cmex10.pfb><C:/Users/nblch/Ap
pData/Local/Programs/MiKTeX/fonts/type1/public/amsfonts/cm/cmmi12.pfb><C:/Users
/nblch/AppData/Local/Programs/MiKTeX/fonts/type1/public/amsfonts/cm/cmmi6.pfb><
C:/Users/nblch/AppData/Local/Programs/MiKTeX/fonts/type1/public/amsfonts/cm/cmm
i8.pfb><C:/Users/nblch/AppData/Local/Programs/MiKTeX/fonts/type1/public/amsfont
s/cm/cmr12.pfb><C:/Users/nblch/AppData/Local/Programs/MiKTeX/fonts/type1/public
/amsfonts/cm/cmr17.pfb><C:/Users/nblch/AppData/Local/Programs/MiKTeX/fonts/type
1/public/amsfonts/cm/cmr8.pfb><C:/Users/nblch/AppData/Local/Programs/MiKTeX/fon
ts/type1/public/amsfonts/cm/cmsy10.pfb><C:/Users/nblch/AppData/Local/Programs/M
iKTeX/fonts/type1/public/amsfonts/cm/cmsy8.pfb><C:/Users/nblch/AppData/Local/Pr
ograms/MiKTeX/fonts/type1/public/amsfonts/symbols/msam10.pfb>
Output written on "Hexapod Kinematics Calculation.pdf" (10 pages, 176318 bytes)
.
PDF statistics:
 128 PDF objects out of 1000 (max. 8388607)
 0 named destinations out of 1000 (max. 500000)
 186 words of extra memory for PDF output out of 10000 (max. 10000000)

